info @storybook/react v6.5.16
info 
info => Cleaning outputDir: /var/folders/9c/76nzb5_152n91y8_yqnx27n00000gp/T/chromatic--76283-LrBR28ZP4M0e
info => Loading presets
info => Compiling manager..
info => Compiling preview..
info Addon-docs: using MDX1
info => Using implicit CSS loaders
info => Using default Webpack5 setup
<s> [webpack.Progress] 0% 

<s> [webpack.Progress] 1% setup before run
<s> [webpack.Progress] 1% setup before run NodeEnvironmentPlugin
<s> [webpack.Progress] 1% setup before run
<s> [webpack.Progress] 2% setup run
<s> [webpack.Progress] 2% setup run
<s> [webpack.Progress] 4% setup normal module factory
<s> [webpack.Progress] 4% setup normal module factory CaseSensitivePathsPlugin
<s> [webpack.Progress] 4% setup normal module factory
<s> [webpack.Progress] 5% setup context module factory
<s> [webpack.Progress] 5% setup context module factory
<s> [webpack.Progress] 6% setup before compile
<s> [webpack.Progress] 6% setup before compile ProgressPlugin
<s> [webpack.Progress] 6% setup before compile
<s> [webpack.Progress] 7% setup compile
<s> [webpack.Progress] 7% setup compile ExternalsPlugin
<s> [webpack.Progress] 7% setup compile
<s> [webpack.Progress] 8% setup compilation
<s> [webpack.Progress] 8% setup compilation ArrayPushCallbackChunkFormatPlugin
<s> [webpack.Progress] 8% setup compilation JsonpChunkLoadingPlugin
<s> [webpack.Progress] 8% setup compilation StartupChunkDependenciesPlugin
<s> [webpack.Progress] 8% setup compilation ImportScriptsChunkLoadingPlugin
<s> [webpack.Progress] 8% setup compilation FetchCompileWasmPlugin
<s> [webpack.Progress] 8% setup compilation FetchCompileAsyncWasmPlugin
<s> [webpack.Progress] 8% setup compilation WorkerPlugin
<s> [webpack.Progress] 8% setup compilation SplitChunksPlugin
<s> [webpack.Progress] 8% setup compilation RuntimeChunkPlugin
<s> [webpack.Progress] 8% setup compilation ResolverCachePlugin
<s> [webpack.Progress] 8% setup compilation HtmlWebpackPlugin
<s> [webpack.Progress] 8% setup compilation
<s> [webpack.Progress] 9% setup compilation
<s> [webpack.Progress] 9% setup compilation DefinePlugin
<s> [webpack.Progress] 9% setup compilation ProvidePlugin
<s> [webpack.Progress] 9% setup compilation ProgressPlugin
<s> [webpack.Progress] 9% setup compilation DocGenPlugin
<s> [webpack.Progress] 9% setup compilation ChunkPrefetchPreloadPlugin
<s> [webpack.Progress] 9% setup compilation SourceMapDevToolPlugin
<s> [webpack.Progress] 9% setup compilation JavascriptModulesPlugin
<s> [webpack.Progress] 9% setup compilation JsonModulesPlugin
<s> [webpack.Progress] 9% setup compilation AssetModulesPlugin
<s> [webpack.Progress] 9% setup compilation EntryPlugin
<s> [webpack.Progress] 9% setup compilation EntryPlugin
<s> [webpack.Progress] 9% setup compilation EntryPlugin
<s> [webpack.Progress] 9% setup compilation RuntimePlugin
<s> [webpack.Progress] 9% setup compilation InferAsyncModulesPlugin
<s> [webpack.Progress] 9% setup compilation DataUriPlugin
<s> [webpack.Progress] 9% setup compilation FileUriPlugin
<s> [webpack.Progress] 9% setup compilation CompatibilityPlugin
<s> [webpack.Progress] 9% setup compilation HarmonyModulesPlugin
<s> [webpack.Progress] 9% setup compilation AMDPlugin
<s> [webpack.Progress] 9% setup compilation RequireJsStuffPlugin
<s> [webpack.Progress] 9% setup compilation CommonJsPlugin
<s> [webpack.Progress] 9% setup compilation LoaderPlugin
<s> [webpack.Progress] 9% setup compilation LoaderPlugin
<s> [webpack.Progress] 9% setup compilation NodeStuffPlugin
<s> [webpack.Progress] 9% setup compilation APIPlugin
<s> [webpack.Progress] 9% setup compilation ExportsInfoApiPlugin
<s> [webpack.Progress] 9% setup compilation WebpackIsIncludedPlugin
<s> [webpack.Progress] 9% setup compilation ConstPlugin
<s> [webpack.Progress] 9% setup compilation UseStrictPlugin
<s> [webpack.Progress] 9% setup compilation RequireIncludePlugin
<s> [webpack.Progress] 9% setup compilation RequireEnsurePlugin
<s> [webpack.Progress] 9% setup compilation RequireContextPlugin
<s> [webpack.Progress] 9% setup compilation ImportPlugin
<s> [webpack.Progress] 9% setup compilation RequireContextPlugin
<s> [webpack.Progress] 9% setup compilation SystemPlugin
<s> [webpack.Progress] 9% setup compilation ImportMetaPlugin
<s> [webpack.Progress] 9% setup compilation URLPlugin
<s> [webpack.Progress] 9% setup compilation DefaultStatsFactoryPlugin
<s> [webpack.Progress] 9% setup compilation DefaultStatsPresetPlugin
<s> [webpack.Progress] 9% setup compilation DefaultStatsPrinterPlugin
<s> [webpack.Progress] 9% setup compilation JavascriptMetaInfoPlugin
<s> [webpack.Progress] 9% setup compilation EnsureChunkConditionsPlugin
<s> [webpack.Progress] 9% setup compilation RemoveEmptyChunksPlugin
<s> [webpack.Progress] 9% setup compilation MergeDuplicateChunksPlugin
<s> [webpack.Progress] 9% setup compilation FlagIncludedChunksPlugin
<s> [webpack.Progress] 9% setup compilation SideEffectsFlagPlugin
<s> [webpack.Progress] 9% setup compilation FlagDependencyExportsPlugin
<s> [webpack.Progress] 9% setup compilation FlagDependencyUsagePlugin
<s> [webpack.Progress] 9% setup compilation InnerGraphPlugin
<s> [webpack.Progress] 9% setup compilation MangleExportsPlugin
<s> [webpack.Progress] 9% setup compilation ModuleConcatenationPlugin
<s> [webpack.Progress] 9% setup compilation NoEmitOnErrorsPlugin
<s> [webpack.Progress] 9% setup compilation RealContentHashPlugin
<s> [webpack.Progress] 9% setup compilation WasmFinalizeExportsPlugin
<s> [webpack.Progress] 9% setup compilation NamedModuleIdsPlugin
<s> [webpack.Progress] 9% setup compilation DeterministicChunkIdsPlugin
<s> [webpack.Progress] 9% setup compilation DefinePlugin
<s> [webpack.Progress] 9% setup compilation TerserPlugin
<s> [webpack.Progress] 9% setup compilation TemplatedPathPlugin
<s> [webpack.Progress] 9% setup compilation RecordIdsPlugin
<s> [webpack.Progress] 9% setup compilation WarnCaseSensitiveModulesPlugin
<s> [webpack.Progress] 9% setup compilation AddBuildDependenciesPlugin
<s> [webpack.Progress] 9% setup compilation IgnoreWarningsPlugin
<s> [webpack.Progress] 9% setup compilation
<s> [webpack.Progress] 10% building
<s> [webpack.Progress] 10% building 0/1 entries 0/0 dependencies 0/0 modules
<s> [webpack.Progress] 10% building import loader ./node_modules/babel-loader/lib/index.js
<s> [webpack.Progress] 10% building 0/3 entries 3/3 dependencies 0/3 modules
<s> [webpack.Progress] 28% building 1/3 entries 22/53 dependencies 3/19 modules
<s> [webpack.Progress] 28% building 1/3 entries 400/679 dependencies 5/183 modules
<s> [webpack.Progress] 28% building 1/3 entries 1200/1270 dependencies 32/380 modules
<s> [webpack.Progress] 28% building import loader ./node_modules/@storybook/mdx1-csf/loader.js
<s> [webpack.Progress] 28% building 1/3 entries 1202/1270 dependencies 32/383 modules
<s> [webpack.Progress] 28% building import loader ./node_modules/@storybook/source-loader/dist/cjs/index.js
<s> [webpack.Progress] 28% building 1/3 entries 1377/1443 dependencies 42/437 modules
<s> [webpack.Progress] 28% building 1/3 entries 2140/2200 dependencies 187/582 modules
<s> [webpack.Progress] 28% building 1/3 entries 2671/2729 dependencies 208/900 modules
<s> [webpack.Progress] 28% building 1/3 entries 3541/3700 dependencies 353/1045 modules
<s> [webpack.Progress] 28% building 1/3 entries 5207/5278 dependencies 600/1185 modules
<s> [webpack.Progress] 28% building 1/3 entries 6500/6577 dependencies 963/1579 modules
<s> [webpack.Progress] 28% building 1/3 entries 6734/6800 dependencies 1043/1698 modules
<s> [webpack.Progress] 28% building 1/3 entries 7166/7200 dependencies 1153/1811 modules
<s> [webpack.Progress] 28% building 1/3 entries 7708/7800 dependencies 1490/1950 modules
<s> [webpack.Progress] 30% building 1/3 entries 8373/8433 dependencies 1833/2100 modules
<s> [webpack.Progress] 33% building 1/3 entries 8954/8965 dependencies 2100/2265 modules
<s> [webpack.Progress] 46% building 2/3 entries 9018/9018 dependencies 2260/2276 modules
<s> [webpack.Progress] 65% building 3/3 entries 9039/9039 dependencies 2281/2281 modules
<s> [webpack.Progress] 65% building
<s> [webpack.Progress] 69% building finish
<s> [webpack.Progress] 69% building finish
<s> [webpack.Progress] 70% sealing finish module graph
<s> [webpack.Progress] 70% sealing finish module graph ResolverCachePlugin
<s> [webpack.Progress] 70% sealing finish module graph InferAsyncModulesPlugin
<s> [webpack.Progress] 70% sealing finish module graph FlagDependencyExportsPlugin
<s> [webpack.Progress] 70% sealing finish module graph InnerGraphPlugin
<s> [webpack.Progress] 70% sealing finish module graph WasmFinalizeExportsPlugin
<s> [webpack.Progress] 70% sealing finish module graph
<s> [webpack.Progress] 70% sealing plugins
<s> [webpack.Progress] 70% sealing plugins DocGenPlugin
DeprecationWarning: 'createIdentifier' has been deprecated since v4.0.0. Use the appropriate method on 'ts.factory' or the 'factory' supplied by your transformation context instead.
DeprecationWarning: '' has been deprecated since v4.0.0. Use the appropriate method on 'ts.factory' or the 'factory' supplied by your transformation context instead.
DeprecationWarning: 'createLiteral' has been deprecated since v4.0.0. Use `factory.createStringLiteral`, `factory.createStringLiteralFromNode`, `factory.createNumericLiteral`, `factory.createBigIntLiteral`, `factory.createTrue`, `factory.createFalse`, or the factory supplied by your transformation context instead.
DeprecationWarning: 'createBinaryExpression' has been deprecated since v4.0.0. Use the appropriate method on 'ts.factory' or the 'factory' supplied by your transformation context instead.
DeprecationWarning: 'createExpressionStatement' has been deprecated since v4.0.0. Use the appropriate method on 'ts.factory' or the 'factory' supplied by your transformation context instead.
DeprecationWarning: 'createPropertyAssignment' has been deprecated since v4.0.0. Use the appropriate method on 'ts.factory' or the 'factory' supplied by your transformation context instead.
DeprecationWarning: 'createNull' has been deprecated since v4.0.0. Use the appropriate method on 'ts.factory' or the 'factory' supplied by your transformation context instead.
DeprecationWarning: 'createTrue' has been deprecated since v4.0.0. Use the appropriate method on 'ts.factory' or the 'factory' supplied by your transformation context instead.
DeprecationWarning: 'createObjectLiteralExpression' has been deprecated since v4.0.0. Use the appropriate method on 'ts.factory' or the 'factory' supplied by your transformation context instead.
DeprecationWarning: 'createArrayLiteralExpression' has been deprecated since v4.0.0. Use the appropriate method on 'ts.factory' or the 'factory' supplied by your transformation context instead.
DeprecationWarning: 'createFalse' has been deprecated since v4.0.0. Use the appropriate method on 'ts.factory' or the 'factory' supplied by your transformation context instead.
DeprecationWarning: 'createExpressionStatement' has been deprecated since v4.0.0. Use the appropriate method on 'ts.factory' or the 'factory' supplied by your transformation context instead.
DeprecationWarning: 'createTypeOfExpression' has been deprecated since v4.0.0. Use the appropriate method on 'ts.factory' or the 'factory' supplied by your transformation context instead.
DeprecationWarning: 'createElementAccessExpression' has been deprecated since v4.0.0. Use the appropriate method on 'ts.factory' or the 'factory' supplied by your transformation context instead.
DeprecationWarning: 'createIfStatement' has been deprecated since v4.0.0. Use the appropriate method on 'ts.factory' or the 'factory' supplied by your transformation context instead.
DeprecationWarning: 'createBlock' has been deprecated since v4.0.0. Use the appropriate method on 'ts.factory' or the 'factory' supplied by your transformation context instead.
DeprecationWarning: 'createVariableDeclaration' has been deprecated since v4.0.0. Use the appropriate method on 'ts.factory' or the 'factory' supplied by your transformation context instead.
DeprecationWarning: 'createCatchClause' has been deprecated since v4.0.0. Use the appropriate method on 'ts.factory' or the 'factory' supplied by your transformation context instead.
DeprecationWarning: 'createTryStatement' has been deprecated since v4.0.0. Use the appropriate method on 'ts.factory' or the 'factory' supplied by your transformation context instead.
<s> [webpack.Progress] 70% sealing plugins WarnCaseSensitiveModulesPlugin
<s> [webpack.Progress] 70% sealing plugins
<s> [webpack.Progress] 71% sealing dependencies optimization
<s> [webpack.Progress] 71% sealing dependencies optimization SideEffectsFlagPlugin
<s> [webpack.Progress] 71% sealing dependencies optimization FlagDependencyUsagePlugin
<s> [webpack.Progress] 71% sealing dependencies optimization
<s> [webpack.Progress] 71% sealing after dependencies optimization
<s> [webpack.Progress] 71% sealing after dependencies optimization
<s> [webpack.Progress] 72% sealing chunk graph
<s> [webpack.Progress] 72% sealing chunk graph
<s> [webpack.Progress] 73% sealing after chunk graph
<s> [webpack.Progress] 73% sealing after chunk graph
<s> [webpack.Progress] 73% sealing optimizing
<s> [webpack.Progress] 73% sealing optimizing
<s> [webpack.Progress] 74% sealing module optimization
<s> [webpack.Progress] 74% sealing module optimization
<s> [webpack.Progress] 75% sealing after module optimization
<s> [webpack.Progress] 75% sealing after module optimization
<s> [webpack.Progress] 75% sealing chunk optimization
<s> [webpack.Progress] 75% sealing chunk optimization EnsureChunkConditionsPlugin
<s> [webpack.Progress] 75% sealing chunk optimization RemoveEmptyChunksPlugin
<s> [webpack.Progress] 75% sealing chunk optimization MergeDuplicateChunksPlugin
<s> [webpack.Progress] 75% sealing chunk optimization SplitChunksPlugin
<s> [webpack.Progress] 75% sealing chunk optimization RemoveEmptyChunksPlugin
<s> [webpack.Progress] 75% sealing chunk optimization
<s> [webpack.Progress] 76% sealing after chunk optimization
<s> [webpack.Progress] 76% sealing after chunk optimization
<s> [webpack.Progress] 77% sealing module and chunk tree optimization
<s> [webpack.Progress] 77% sealing module and chunk tree optimization PersistentChildCompilerSingletonPlugin
<s> [webpack.Progress] 77% sealing module and chunk tree optimization
<s> [webpack.Progress] 77% sealing after module and chunk tree optimization
<s> [webpack.Progress] 77% sealing after module and chunk tree optimization
<s> [webpack.Progress] 78% sealing chunk modules optimization
<s> [webpack.Progress] 78% sealing chunk modules optimization ModuleConcatenationPlugin
<s> [webpack.Progress] 78% sealing chunk modules optimization
<s> [webpack.Progress] 78% sealing after chunk modules optimization
<s> [webpack.Progress] 78% sealing after chunk modules optimization
<s> [webpack.Progress] 79% sealing module reviving
<s> [webpack.Progress] 79% sealing module reviving RecordIdsPlugin
<s> [webpack.Progress] 79% sealing module reviving
<s> [webpack.Progress] 80% sealing before module ids
<s> [webpack.Progress] 80% sealing before module ids
<s> [webpack.Progress] 80% sealing module ids
<s> [webpack.Progress] 80% sealing module ids NamedModuleIdsPlugin
<s> [webpack.Progress] 80% sealing module ids
<s> [webpack.Progress] 81% sealing module id optimization
<s> [webpack.Progress] 81% sealing module id optimization
<s> [webpack.Progress] 82% sealing module id optimization
<s> [webpack.Progress] 82% sealing module id optimization
<s> [webpack.Progress] 82% sealing chunk reviving
<s> [webpack.Progress] 82% sealing chunk reviving RecordIdsPlugin
<s> [webpack.Progress] 82% sealing chunk reviving
<s> [webpack.Progress] 83% sealing before chunk ids
<s> [webpack.Progress] 83% sealing before chunk ids
<s> [webpack.Progress] 84% sealing chunk ids
<s> [webpack.Progress] 84% sealing chunk ids DeterministicChunkIdsPlugin
<s> [webpack.Progress] 84% sealing chunk ids
<s> [webpack.Progress] 84% sealing chunk id optimization
<s> [webpack.Progress] 84% sealing chunk id optimization FlagIncludedChunksPlugin
<s> [webpack.Progress] 84% sealing chunk id optimization
<s> [webpack.Progress] 85% sealing after chunk id optimization
<s> [webpack.Progress] 85% sealing after chunk id optimization
<s> [webpack.Progress] 86% sealing record modules
<s> [webpack.Progress] 86% sealing record modules RecordIdsPlugin
<s> [webpack.Progress] 86% sealing record modules
<s> [webpack.Progress] 86% sealing record chunks
<s> [webpack.Progress] 86% sealing record chunks RecordIdsPlugin
<s> [webpack.Progress] 86% sealing record chunks
<s> [webpack.Progress] 87% sealing module hashing
<s> [webpack.Progress] 87% sealing module hashing
<s> [webpack.Progress] 87% sealing code generation
<s> [webpack.Progress] 87% sealing code generation
<s> [webpack.Progress] 88% sealing runtime requirements
<s> [webpack.Progress] 88% sealing runtime requirements
<s> [webpack.Progress] 89% sealing hashing
<s> [webpack.Progress] 89% sealing hashing
<s> [webpack.Progress] 89% sealing after hashing
<s> [webpack.Progress] 89% sealing after hashing
<s> [webpack.Progress] 90% sealing record hash
<s> [webpack.Progress] 90% sealing record hash
<s> [webpack.Progress] 91% sealing module assets processing
<s> [webpack.Progress] 91% sealing module assets processing
<s> [webpack.Progress] 91% sealing chunk assets processing
<s> [webpack.Progress] 91% sealing chunk assets processing
<s> [webpack.Progress] 92% sealing asset processing
<s> [webpack.Progress] 92% sealing asset processing PersistentChildCompilerSingletonPlugin
<s> [webpack.Progress] 92% sealing asset processing TerserPlugin
info => Manager built (18 s)
<s> [webpack.Progress] 92% sealing asset processing SourceMapDevToolPlugin
<s> [webpack.Progress] 92% sealing asset processing SourceMapDevToolPlugin
<s> [webpack.Progress] 92% sealing asset processing SourceMapDevToolPlugin main.64df8ef0.iframe.bundle.js generate SourceMap
<s> [webpack.Progress] 92% sealing asset processing SourceMapDevToolPlugin main.64df8ef0.iframe.bundle.js generated SourceMap
<s> [webpack.Progress] 92% sealing asset processing SourceMapDevToolPlugin runtime~main.fc8eb77f.iframe.bundle.js generate SourceMap
<s> [webpack.Progress] 92% sealing asset processing SourceMapDevToolPlugin runtime~main.fc8eb77f.iframe.bundle.js generated SourceMap
<s> [webpack.Progress] 92% sealing asset processing SourceMapDevToolPlugin components-Introduction-stories-mdx.245918d5.iframe.bundle.js generate SourceMap
<s> [webpack.Progress] 92% sealing asset processing SourceMapDevToolPlugin components-Introduction-stories-mdx.245918d5.iframe.bundle.js generated SourceMap
<s> [webpack.Progress] 92% sealing asset processing SourceMapDevToolPlugin components-BottomBar-BottomBar-stories.81460ae2.iframe.bundle.js generate SourceMap
<s> [webpack.Progress] 92% sealing asset processing SourceMapDevToolPlugin components-BottomBar-BottomBar-stories.81460ae2.iframe.bundle.js generated SourceMap
<s> [webpack.Progress] 92% sealing asset processing SourceMapDevToolPlugin components-ColorModeToggle-ColorModeToggle-stories.3fbbebd6.iframe.bundle.js generate SourceMap
<s> [webpack.Progress] 92% sealing asset processing SourceMapDevToolPlugin components-ColorModeToggle-ColorModeToggle-stories.3fbbebd6.iframe.bundle.js generated SourceMap
<s> [webpack.Progress] 92% sealing asset processing SourceMapDevToolPlugin components-LoginForm-LoginForm-stories.eae9d77c.iframe.bundle.js generate SourceMap
<s> [webpack.Progress] 92% sealing asset processing SourceMapDevToolPlugin components-LoginForm-LoginForm-stories.eae9d77c.iframe.bundle.js generated SourceMap
<s> [webpack.Progress] 92% sealing asset processing SourceMapDevToolPlugin components-Sidebar-Sidebar-stories.4f0a5023.iframe.bundle.js generate SourceMap
<s> [webpack.Progress] 92% sealing asset processing SourceMapDevToolPlugin components-Sidebar-Sidebar-stories.4f0a5023.iframe.bundle.js generated SourceMap
<s> [webpack.Progress] 92% sealing asset processing SourceMapDevToolPlugin components-forPages-indexPage-LoginSwitch-LoginSwitch-stories.175c6425.iframe.bundle.js generate SourceMap
<s> [webpack.Progress] 92% sealing asset processing SourceMapDevToolPlugin components-forPages-indexPage-LoginSwitch-LoginSwitch-stories.175c6425.iframe.bundle.js generated SourceMap
<s> [webpack.Progress] 92% sealing asset processing SourceMapDevToolPlugin components-forPages-postPage-InputComment-InputComment-stories.ed4811db.iframe.bundle.js generate SourceMap
<s> [webpack.Progress] 92% sealing asset processing SourceMapDevToolPlugin components-forPages-postPage-InputComment-InputComment-stories.ed4811db.iframe.bundle.js generated SourceMap
<s> [webpack.Progress] 92% sealing asset processing SourceMapDevToolPlugin components-forPages-postPage-PostComment-PostComment-stories.869a6933.iframe.bundle.js generate SourceMap
<s> [webpack.Progress] 92% sealing asset processing SourceMapDevToolPlugin components-forPages-postPage-PostComment-PostComment-stories.869a6933.iframe.bundle.js generated SourceMap
<s> [webpack.Progress] 92% sealing asset processing SourceMapDevToolPlugin components-forPages-postsPage-PostCard-PostCard-stories.e8a1c22f.iframe.bundle.js generate SourceMap
<s> [webpack.Progress] 92% sealing asset processing SourceMapDevToolPlugin components-forPages-postsPage-PostCard-PostCard-stories.e8a1c22f.iframe.bundle.js generated SourceMap
<s> [webpack.Progress] 92% sealing asset processing SourceMapDevToolPlugin components-forPages-postsPage-PostForm-PostForm-stories.4c01b39c.iframe.bundle.js generate SourceMap
<s> [webpack.Progress] 92% sealing asset processing SourceMapDevToolPlugin components-forPages-postsPage-PostForm-PostForm-stories.4c01b39c.iframe.bundle.js generated SourceMap
<s> [webpack.Progress] 92% sealing asset processing SourceMapDevToolPlugin components-forPages-usersPage-InputSearch-InputSearch-stories.937490a8.iframe.bundle.js generate SourceMap
<s> [webpack.Progress] 92% sealing asset processing SourceMapDevToolPlugin components-forPages-usersPage-InputSearch-InputSearch-stories.937490a8.iframe.bundle.js generated SourceMap
<s> [webpack.Progress] 92% sealing asset processing SourceMapDevToolPlugin components-forPages-usersPage-TableLoadingItem-TableLoadingItem-stories.0f2afae0.iframe.bundle.js generate SourceMap
<s> [webpack.Progress] 92% sealing asset processing SourceMapDevToolPlugin components-forPages-usersPage-TableLoadingItem-TableLoadingItem-stories.0f2afae0.iframe.bundle.js generated SourceMap
<s> [webpack.Progress] 92% sealing asset processing SourceMapDevToolPlugin components-forPages-usersPage-UserForm-UserForm-stories.61378c9e.iframe.bundle.js generate SourceMap
<s> [webpack.Progress] 92% sealing asset processing SourceMapDevToolPlugin components-forPages-usersPage-UserForm-UserForm-stories.61378c9e.iframe.bundle.js generated SourceMap
<s> [webpack.Progress] 92% sealing asset processing SourceMapDevToolPlugin components-uiKit-Icons-Icons-stories.ac8b2835.iframe.bundle.js generate SourceMap
<s> [webpack.Progress] 92% sealing asset processing SourceMapDevToolPlugin components-uiKit-Icons-Icons-stories.ac8b2835.iframe.bundle.js generated SourceMap
<s> [webpack.Progress] 92% sealing asset processing SourceMapDevToolPlugin components-uiKit-Modal-Modal-stories.e6e40416.iframe.bundle.js generate SourceMap
<s> [webpack.Progress] 92% sealing asset processing SourceMapDevToolPlugin components-uiKit-Modal-Modal-stories.e6e40416.iframe.bundle.js generated SourceMap
<s> [webpack.Progress] 92% sealing asset processing SourceMapDevToolPlugin 745.9a1b73b5.iframe.bundle.js generate SourceMap
<s> [webpack.Progress] 92% sealing asset processing SourceMapDevToolPlugin 745.9a1b73b5.iframe.bundle.js generated SourceMap
<s> [webpack.Progress] 92% sealing asset processing SourceMapDevToolPlugin 764.98f917a1.iframe.bundle.js generate SourceMap
<s> [webpack.Progress] 92% sealing asset processing SourceMapDevToolPlugin 764.98f917a1.iframe.bundle.js generated SourceMap
<s> [webpack.Progress] 92% sealing asset processing SourceMapDevToolPlugin 115.2229f815.iframe.bundle.js generate SourceMap
<s> [webpack.Progress] 92% sealing asset processing SourceMapDevToolPlugin 115.2229f815.iframe.bundle.js generated SourceMap
<s> [webpack.Progress] 92% sealing asset processing SourceMapDevToolPlugin 701.393fa4f4.iframe.bundle.js generate SourceMap
<s> [webpack.Progress] 92% sealing asset processing SourceMapDevToolPlugin 701.393fa4f4.iframe.bundle.js generated SourceMap
<s> [webpack.Progress] 92% sealing asset processing SourceMapDevToolPlugin 51.23b924d1.iframe.bundle.js generate SourceMap
<s> [webpack.Progress] 92% sealing asset processing SourceMapDevToolPlugin 51.23b924d1.iframe.bundle.js generated SourceMap
<s> [webpack.Progress] 92% sealing asset processing SourceMapDevToolPlugin 807.aa7d514f.iframe.bundle.js generate SourceMap
<s> [webpack.Progress] 92% sealing asset processing SourceMapDevToolPlugin 807.aa7d514f.iframe.bundle.js generated SourceMap
<s> [webpack.Progress] 92% sealing asset processing SourceMapDevToolPlugin 551.433e1d5e.iframe.bundle.js generate SourceMap
<s> [webpack.Progress] 92% sealing asset processing SourceMapDevToolPlugin 551.433e1d5e.iframe.bundle.js generated SourceMap
<s> [webpack.Progress] 92% sealing asset processing SourceMapDevToolPlugin 897.34c6a59c.iframe.bundle.js generate SourceMap
<s> [webpack.Progress] 92% sealing asset processing SourceMapDevToolPlugin 897.34c6a59c.iframe.bundle.js generated SourceMap
<s> [webpack.Progress] 92% sealing asset processing SourceMapDevToolPlugin 229.9188a949.iframe.bundle.js generate SourceMap
<s> [webpack.Progress] 92% sealing asset processing SourceMapDevToolPlugin 229.9188a949.iframe.bundle.js generated SourceMap
<s> [webpack.Progress] 92% sealing asset processing SourceMapDevToolPlugin 935.fe6a1352.iframe.bundle.js generate SourceMap
<s> [webpack.Progress] 92% sealing asset processing SourceMapDevToolPlugin 935.fe6a1352.iframe.bundle.js generated SourceMap
<s> [webpack.Progress] 92% sealing asset processing SourceMapDevToolPlugin 971.1f3b7d00.iframe.bundle.js generate SourceMap
<s> [webpack.Progress] 92% sealing asset processing SourceMapDevToolPlugin 971.1f3b7d00.iframe.bundle.js generated SourceMap
<s> [webpack.Progress] 92% sealing asset processing SourceMapDevToolPlugin 251.584167cc.iframe.bundle.js generate SourceMap
<s> [webpack.Progress] 92% sealing asset processing SourceMapDevToolPlugin 251.584167cc.iframe.bundle.js generated SourceMap
<s> [webpack.Progress] 92% sealing asset processing SourceMapDevToolPlugin 587.8311f4c0.iframe.bundle.js generate SourceMap
<s> [webpack.Progress] 92% sealing asset processing SourceMapDevToolPlugin 587.8311f4c0.iframe.bundle.js generated SourceMap
<s> [webpack.Progress] 92% sealing asset processing SourceMapDevToolPlugin resolve sources
<s> [webpack.Progress] 92% sealing asset processing SourceMapDevToolPlugin
<s> [webpack.Progress] 92% sealing asset processing HtmlWebpackPlugin
<s> [webpack.Progress] 92% sealing asset processing HtmlWebpackPlugin
<s> [webpack.Progress] 92% sealing asset processing HtmlWebpackPlugin resolve sources
<s> [webpack.Progress] 92% sealing asset processing HtmlWebpackPlugin
<s> [webpack.Progress] 92% sealing asset processing RealContentHashPlugin
<s> [webpack.Progress] 92% sealing asset processing RealContentHashPlugin
<s> [webpack.Progress] 92% sealing asset processing RealContentHashPlugin runtime~main.28c22ea8.iframe.bundle.js generate SourceMap
<s> [webpack.Progress] 92% sealing asset processing RealContentHashPlugin runtime~main.28c22ea8.iframe.bundle.js generated SourceMap
<s> [webpack.Progress] 92% sealing asset processing RealContentHashPlugin components-Introduction-stories-mdx.14041468.iframe.bundle.js generate SourceMap
<s> [webpack.Progress] 92% sealing asset processing RealContentHashPlugin components-Introduction-stories-mdx.14041468.iframe.bundle.js generated SourceMap
<s> [webpack.Progress] 92% sealing asset processing RealContentHashPlugin components-BottomBar-BottomBar-stories.62774ab9.iframe.bundle.js generate SourceMap
<s> [webpack.Progress] 92% sealing asset processing RealContentHashPlugin components-BottomBar-BottomBar-stories.62774ab9.iframe.bundle.js generated SourceMap
<s> [webpack.Progress] 92% sealing asset processing RealContentHashPlugin components-ColorModeToggle-ColorModeToggle-stories.df2b2eb2.iframe.bundle.js generate SourceMap
<s> [webpack.Progress] 92% sealing asset processing RealContentHashPlugin components-ColorModeToggle-ColorModeToggle-stories.df2b2eb2.iframe.bundle.js generated SourceMap
<s> [webpack.Progress] 92% sealing asset processing RealContentHashPlugin components-LoginForm-LoginForm-stories.f0171195.iframe.bundle.js generate SourceMap
<s> [webpack.Progress] 92% sealing asset processing RealContentHashPlugin components-LoginForm-LoginForm-stories.f0171195.iframe.bundle.js generated SourceMap
<s> [webpack.Progress] 92% sealing asset processing RealContentHashPlugin components-Sidebar-Sidebar-stories.c1b7eb69.iframe.bundle.js generate SourceMap
<s> [webpack.Progress] 92% sealing asset processing RealContentHashPlugin components-Sidebar-Sidebar-stories.c1b7eb69.iframe.bundle.js generated SourceMap
<s> [webpack.Progress] 92% sealing asset processing RealContentHashPlugin components-forPages-indexPage-LoginSwitch-LoginSwitch-stories.4bdbf0f1.iframe.bundle.js generate SourceMap
<s> [webpack.Progress] 92% sealing asset processing RealContentHashPlugin components-forPages-indexPage-LoginSwitch-LoginSwitch-stories.4bdbf0f1.iframe.bundle.js generated SourceMap
<s> [webpack.Progress] 92% sealing asset processing RealContentHashPlugin components-forPages-postPage-InputComment-InputComment-stories.1b44521e.iframe.bundle.js generate SourceMap
<s> [webpack.Progress] 92% sealing asset processing RealContentHashPlugin components-forPages-postPage-InputComment-InputComment-stories.1b44521e.iframe.bundle.js generated SourceMap
<s> [webpack.Progress] 92% sealing asset processing RealContentHashPlugin components-forPages-postPage-PostComment-PostComment-stories.84878134.iframe.bundle.js generate SourceMap
<s> [webpack.Progress] 92% sealing asset processing RealContentHashPlugin components-forPages-postPage-PostComment-PostComment-stories.84878134.iframe.bundle.js generated SourceMap
<s> [webpack.Progress] 92% sealing asset processing RealContentHashPlugin components-forPages-postsPage-PostCard-PostCard-stories.1370cb16.iframe.bundle.js generate SourceMap
<s> [webpack.Progress] 92% sealing asset processing RealContentHashPlugin components-forPages-postsPage-PostCard-PostCard-stories.1370cb16.iframe.bundle.js generated SourceMap
<s> [webpack.Progress] 92% sealing asset processing RealContentHashPlugin components-forPages-postsPage-PostForm-PostForm-stories.313c03e4.iframe.bundle.js generate SourceMap
<s> [webpack.Progress] 92% sealing asset processing RealContentHashPlugin components-forPages-postsPage-PostForm-PostForm-stories.313c03e4.iframe.bundle.js generated SourceMap
<s> [webpack.Progress] 92% sealing asset processing RealContentHashPlugin components-forPages-usersPage-InputSearch-InputSearch-stories.aef5f03d.iframe.bundle.js generate SourceMap
<s> [webpack.Progress] 92% sealing asset processing RealContentHashPlugin components-forPages-usersPage-InputSearch-InputSearch-stories.aef5f03d.iframe.bundle.js generated SourceMap
<s> [webpack.Progress] 92% sealing asset processing RealContentHashPlugin components-forPages-usersPage-TableLoadingItem-TableLoadingItem-stories.3927203c.iframe.bundle.js generate SourceMap
<s> [webpack.Progress] 92% sealing asset processing RealContentHashPlugin components-forPages-usersPage-TableLoadingItem-TableLoadingItem-stories.3927203c.iframe.bundle.js generated SourceMap
<s> [webpack.Progress] 92% sealing asset processing RealContentHashPlugin components-forPages-usersPage-UserForm-UserForm-stories.b8bc13a4.iframe.bundle.js generate SourceMap
<s> [webpack.Progress] 92% sealing asset processing RealContentHashPlugin components-forPages-usersPage-UserForm-UserForm-stories.b8bc13a4.iframe.bundle.js generated SourceMap
<s> [webpack.Progress] 92% sealing asset processing RealContentHashPlugin components-uiKit-Icons-Icons-stories.154e7b2d.iframe.bundle.js generate SourceMap
<s> [webpack.Progress] 92% sealing asset processing RealContentHashPlugin components-uiKit-Icons-Icons-stories.154e7b2d.iframe.bundle.js generated SourceMap
<s> [webpack.Progress] 92% sealing asset processing RealContentHashPlugin components-uiKit-Modal-Modal-stories.61f32214.iframe.bundle.js generate SourceMap
<s> [webpack.Progress] 92% sealing asset processing RealContentHashPlugin components-uiKit-Modal-Modal-stories.61f32214.iframe.bundle.js generated SourceMap
<s> [webpack.Progress] 92% sealing asset processing RealContentHashPlugin 745.80050dd4.iframe.bundle.js generate SourceMap
<s> [webpack.Progress] 92% sealing asset processing RealContentHashPlugin 745.80050dd4.iframe.bundle.js generated SourceMap
<s> [webpack.Progress] 92% sealing asset processing RealContentHashPlugin 701.64e93a8f.iframe.bundle.js generate SourceMap
<s> [webpack.Progress] 92% sealing asset processing RealContentHashPlugin 701.64e93a8f.iframe.bundle.js generated SourceMap
<s> [webpack.Progress] 92% sealing asset processing RealContentHashPlugin 551.ea4ba3b6.iframe.bundle.js generate SourceMap
<s> [webpack.Progress] 92% sealing asset processing RealContentHashPlugin 551.ea4ba3b6.iframe.bundle.js generated SourceMap
<s> [webpack.Progress] 92% sealing asset processing RealContentHashPlugin 229.accd9fd0.iframe.bundle.js generate SourceMap
<s> [webpack.Progress] 92% sealing asset processing RealContentHashPlugin 229.accd9fd0.iframe.bundle.js generated SourceMap
<s> [webpack.Progress] 92% sealing asset processing RealContentHashPlugin 935.4d7610e3.iframe.bundle.js generate SourceMap
<s> [webpack.Progress] 92% sealing asset processing RealContentHashPlugin 935.4d7610e3.iframe.bundle.js generated SourceMap
<s> [webpack.Progress] 92% sealing asset processing RealContentHashPlugin 971.d33f5bf4.iframe.bundle.js generate SourceMap
<s> [webpack.Progress] 92% sealing asset processing RealContentHashPlugin 971.d33f5bf4.iframe.bundle.js generated SourceMap
<s> [webpack.Progress] 92% sealing asset processing RealContentHashPlugin 251.9025713a.iframe.bundle.js generate SourceMap
<s> [webpack.Progress] 92% sealing asset processing RealContentHashPlugin 251.9025713a.iframe.bundle.js generated SourceMap
<s> [webpack.Progress] 92% sealing asset processing RealContentHashPlugin main.55ce34d9.iframe.bundle.js generate SourceMap
<s> [webpack.Progress] 92% sealing asset processing RealContentHashPlugin main.55ce34d9.iframe.bundle.js generated SourceMap
<s> [webpack.Progress] 92% sealing asset processing RealContentHashPlugin 764.e1032d2d.iframe.bundle.js generate SourceMap
<s> [webpack.Progress] 92% sealing asset processing RealContentHashPlugin 764.e1032d2d.iframe.bundle.js generated SourceMap
<s> [webpack.Progress] 92% sealing asset processing RealContentHashPlugin 115.b011f4b5.iframe.bundle.js generate SourceMap
<s> [webpack.Progress] 92% sealing asset processing RealContentHashPlugin 115.b011f4b5.iframe.bundle.js generated SourceMap
<s> [webpack.Progress] 92% sealing asset processing RealContentHashPlugin 51.af56774a.iframe.bundle.js generate SourceMap
<s> [webpack.Progress] 92% sealing asset processing RealContentHashPlugin 51.af56774a.iframe.bundle.js generated SourceMap
<s> [webpack.Progress] 92% sealing asset processing RealContentHashPlugin 807.2dcd8aa4.iframe.bundle.js generate SourceMap
<s> [webpack.Progress] 92% sealing asset processing RealContentHashPlugin 807.2dcd8aa4.iframe.bundle.js generated SourceMap
<s> [webpack.Progress] 92% sealing asset processing RealContentHashPlugin 897.f9bc6096.iframe.bundle.js generate SourceMap
<s> [webpack.Progress] 92% sealing asset processing RealContentHashPlugin 897.f9bc6096.iframe.bundle.js generated SourceMap
<s> [webpack.Progress] 92% sealing asset processing RealContentHashPlugin 587.f4139547.iframe.bundle.js generate SourceMap
<s> [webpack.Progress] 92% sealing asset processing RealContentHashPlugin 587.f4139547.iframe.bundle.js generated SourceMap
<s> [webpack.Progress] 92% sealing asset processing RealContentHashPlugin resolve sources
<s> [webpack.Progress] 92% sealing asset processing RealContentHashPlugin
<s> [webpack.Progress] 92% sealing asset processing
<s> [webpack.Progress] 93% sealing after asset optimization
<s> [webpack.Progress] 93% sealing after asset optimization
<s> [webpack.Progress] 93% sealing recording
<s> [webpack.Progress] 93% sealing recording
<s> [webpack.Progress] 94% sealing after seal
<s> [webpack.Progress] 94% sealing after seal
<s> [webpack.Progress] 95% emitting emit
<s> [webpack.Progress] 95% emitting emit
<s> [webpack.Progress] 98% emitting after emit
<s> [webpack.Progress] 98% emitting after emit SizeLimitsPlugin
<s> [webpack.Progress] 98% emitting after emit
<s> [webpack.Progress] 99% done plugins
<s> [webpack.Progress] 99% done plugins CaseSensitivePathsPlugin
<s> [webpack.Progress] 99% done plugins IdleFileCachePlugin
<s> [webpack.Progress] 99% done plugins
<s> [webpack.Progress] 99% 

<s> [webpack.Progress] 99% cache store build dependencies
<s> [webpack.Progress] 99% cache store build dependencies IdleFileCachePlugin
<s> [webpack.Progress] 99% cache store build dependencies
<s> [webpack.Progress] 99% cache begin idle
<s> [webpack.Progress] 99% cache begin idle IdleFileCachePlugin
<s> [webpack.Progress] 99% cache begin idle
<s> [webpack.Progress] 100% 

info => Preview built (26 s)
WARN asset size limit: The following asset(s) exceed the recommended size limit (244 KiB).
WARN This can impact web performance.
WARN Assets: 
WARN   764.e1032d2d.iframe.bundle.js (594 KiB)
WARN   115.b011f4b5.iframe.bundle.js (657 KiB)
WARN   807.2dcd8aa4.iframe.bundle.js (794 KiB)
WARN   587.f4139547.iframe.bundle.js (2.95 MiB)
WARN entrypoint size limit: The following entrypoint(s) combined asset size exceeds the recommended limit (244 KiB). This can impact web performance.
WARN Entrypoints:
WARN   main (2.98 MiB)
WARN       runtime~main.28c22ea8.iframe.bundle.js
WARN       587.f4139547.iframe.bundle.js
WARN       main.55ce34d9.iframe.bundle.js
WARN 
<s> [webpack.Progress] 99% cache shutdown
<s> [webpack.Progress] 99% cache shutdown MemoryCachePlugin
<s> [webpack.Progress] 99% cache shutdown IdleFileCachePlugin
<s> [webpack.Progress] 99% cache shutdown IdleFileCachePlugin process pending cache items
<s> [webpack.Progress] 99% cache shutdown IdleFileCachePlugin resolve build dependencies
<s> [webpack.Progress] 99% cache shutdown IdleFileCachePlugin snapshot build dependencies resolving
<s> [webpack.Progress] 99% cache shutdown IdleFileCachePlugin snapshot build dependencies modules
<s> [webpack.Progress] 99% cache shutdown IdleFileCachePlugin serialize pack
<w> [webpack.cache.PackFileCacheStrategy] Skipped not serializable cache item 'Compilation/modules|/Users/muhammadadnanr/Projects/my-blog/node_modules/babel-loader/lib/index.js??ruleSet[1].rules[0].use[0]!/Users/muhammadadnanr/Projects/my-blog/node_modules/@storybook/source-loader/dist/cjs/index.js??ruleSet[1].rules[6]!/Users/muhammadadnanr/Projects/my-blog/src/components/Sidebar/Sidebar.stories.tsx': No serializer registered for DocGenDependency
<w> while serializing webpack/lib/cache/PackFileCacheStrategy.PackContentItems -> webpack/lib/NormalModule -> Array { 16 items } -> DocGenDependency
<w> [webpack.cache.PackFileCacheStrategy] Skipped not serializable cache item 'Compilation/modules|/Users/muhammadadnanr/Projects/my-blog/node_modules/babel-loader/lib/index.js??ruleSet[1].rules[0].use[0]!/Users/muhammadadnanr/Projects/my-blog/node_modules/@storybook/source-loader/dist/cjs/index.js??ruleSet[1].rules[6]!/Users/muhammadadnanr/Projects/my-blog/src/components/LoginForm/LoginForm.stories.tsx': No serializer registered for DocGenDependency
<w> while serializing webpack/lib/cache/PackFileCacheStrategy.PackContentItems -> webpack/lib/NormalModule -> Array { 13 items } -> DocGenDependency
<w> [webpack.cache.PackFileCacheStrategy] Skipped not serializable cache item 'Compilation/modules|/Users/muhammadadnanr/Projects/my-blog/node_modules/babel-loader/lib/index.js??ruleSet[1].rules[0].use[0]!/Users/muhammadadnanr/Projects/my-blog/node_modules/@storybook/source-loader/dist/cjs/index.js??ruleSet[1].rules[6]!/Users/muhammadadnanr/Projects/my-blog/src/components/ColorModeToggle/ColorModeToggle.stories.tsx': No serializer registered for DocGenDependency
<w> while serializing webpack/lib/cache/PackFileCacheStrategy.PackContentItems -> webpack/lib/NormalModule -> Array { 13 items } -> DocGenDependency
<w> [webpack.cache.PackFileCacheStrategy] Skipped not serializable cache item 'Compilation/modules|/Users/muhammadadnanr/Projects/my-blog/node_modules/babel-loader/lib/index.js??ruleSet[1].rules[0].use[0]!/Users/muhammadadnanr/Projects/my-blog/node_modules/@storybook/source-loader/dist/cjs/index.js??ruleSet[1].rules[6]!/Users/muhammadadnanr/Projects/my-blog/src/components/BottomBar/BottomBar.stories.tsx': No serializer registered for DocGenDependency
<w> while serializing webpack/lib/cache/PackFileCacheStrategy.PackContentItems -> webpack/lib/NormalModule -> Array { 18 items } -> DocGenDependency
<w> [webpack.cache.PackFileCacheStrategy] Skipped not serializable cache item 'Compilation/modules|/Users/muhammadadnanr/Projects/my-blog/node_modules/babel-loader/lib/index.js??ruleSet[1].rules[0].use[0]!/Users/muhammadadnanr/Projects/my-blog/node_modules/@storybook/source-loader/dist/cjs/index.js??ruleSet[1].rules[6]!/Users/muhammadadnanr/Projects/my-blog/src/components/uiKit/Icons/Icons.stories.tsx': No serializer registered for DocGenDependency
<w> while serializing webpack/lib/cache/PackFileCacheStrategy.PackContentItems -> webpack/lib/NormalModule -> Array { 13 items } -> DocGenDependency
<w> [webpack.cache.PackFileCacheStrategy] Skipped not serializable cache item 'Compilation/modules|/Users/muhammadadnanr/Projects/my-blog/node_modules/babel-loader/lib/index.js??ruleSet[1].rules[0].use[0]!/Users/muhammadadnanr/Projects/my-blog/node_modules/@storybook/source-loader/dist/cjs/index.js??ruleSet[1].rules[6]!/Users/muhammadadnanr/Projects/my-blog/src/components/uiKit/Modal/Modal.stories.tsx': No serializer registered for DocGenDependency
<w> while serializing webpack/lib/cache/PackFileCacheStrategy.PackContentItems -> webpack/lib/NormalModule -> Array { 22 items } -> DocGenDependency
<w> [webpack.cache.PackFileCacheStrategy] Skipped not serializable cache item 'Compilation/modules|/Users/muhammadadnanr/Projects/my-blog/node_modules/babel-loader/lib/index.js??ruleSet[1].rules[0].use[0]!/Users/muhammadadnanr/Projects/my-blog/node_modules/@storybook/source-loader/dist/cjs/index.js??ruleSet[1].rules[6]!/Users/muhammadadnanr/Projects/my-blog/src/components/forPages/usersPage/UserForm/UserForm.stories.tsx': No serializer registered for DocGenDependency
<w> while serializing webpack/lib/cache/PackFileCacheStrategy.PackContentItems -> webpack/lib/NormalModule -> Array { 14 items } -> DocGenDependency
<w> [webpack.cache.PackFileCacheStrategy] Skipped not serializable cache item 'Compilation/modules|/Users/muhammadadnanr/Projects/my-blog/node_modules/babel-loader/lib/index.js??ruleSet[1].rules[0].use[0]!/Users/muhammadadnanr/Projects/my-blog/node_modules/@storybook/source-loader/dist/cjs/index.js??ruleSet[1].rules[6]!/Users/muhammadadnanr/Projects/my-blog/src/components/forPages/usersPage/TableLoadingItem/TableLoadingItem.stories.tsx': No serializer registered for DocGenDependency
<w> while serializing webpack/lib/cache/PackFileCacheStrategy.PackContentItems -> webpack/lib/NormalModule -> Array { 33 items } -> DocGenDependency
<w> [webpack.cache.PackFileCacheStrategy] Skipped not serializable cache item 'Compilation/modules|/Users/muhammadadnanr/Projects/my-blog/node_modules/babel-loader/lib/index.js??ruleSet[1].rules[0].use[0]!/Users/muhammadadnanr/Projects/my-blog/node_modules/@storybook/source-loader/dist/cjs/index.js??ruleSet[1].rules[6]!/Users/muhammadadnanr/Projects/my-blog/src/components/forPages/usersPage/InputSearch/InputSearch.stories.tsx': No serializer registered for DocGenDependency
<w> while serializing webpack/lib/cache/PackFileCacheStrategy.PackContentItems -> webpack/lib/NormalModule -> Array { 13 items } -> DocGenDependency
<w> [webpack.cache.PackFileCacheStrategy] Skipped not serializable cache item 'Compilation/modules|/Users/muhammadadnanr/Projects/my-blog/node_modules/babel-loader/lib/index.js??ruleSet[1].rules[0].use[0]!/Users/muhammadadnanr/Projects/my-blog/node_modules/@storybook/source-loader/dist/cjs/index.js??ruleSet[1].rules[6]!/Users/muhammadadnanr/Projects/my-blog/src/components/forPages/postsPage/PostForm/PostForm.stories.tsx': No serializer registered for DocGenDependency
<w> while serializing webpack/lib/cache/PackFileCacheStrategy.PackContentItems -> webpack/lib/NormalModule -> Array { 14 items } -> DocGenDependency
<w> [webpack.cache.PackFileCacheStrategy] Skipped not serializable cache item 'Compilation/modules|/Users/muhammadadnanr/Projects/my-blog/node_modules/babel-loader/lib/index.js??ruleSet[1].rules[0].use[0]!/Users/muhammadadnanr/Projects/my-blog/node_modules/@storybook/source-loader/dist/cjs/index.js??ruleSet[1].rules[6]!/Users/muhammadadnanr/Projects/my-blog/src/components/forPages/postsPage/PostCard/PostCard.stories.tsx': No serializer registered for DocGenDependency
<w> while serializing webpack/lib/cache/PackFileCacheStrategy.PackContentItems -> webpack/lib/NormalModule -> Array { 14 items } -> DocGenDependency
<w> [webpack.cache.PackFileCacheStrategy] Skipped not serializable cache item 'Compilation/modules|/Users/muhammadadnanr/Projects/my-blog/node_modules/babel-loader/lib/index.js??ruleSet[1].rules[0].use[0]!/Users/muhammadadnanr/Projects/my-blog/node_modules/@storybook/source-loader/dist/cjs/index.js??ruleSet[1].rules[6]!/Users/muhammadadnanr/Projects/my-blog/src/components/forPages/postPage/PostComment/PostComment.stories.tsx': No serializer registered for DocGenDependency
<w> while serializing webpack/lib/cache/PackFileCacheStrategy.PackContentItems -> webpack/lib/NormalModule -> Array { 19 items } -> DocGenDependency
<w> [webpack.cache.PackFileCacheStrategy] Skipped not serializable cache item 'Compilation/modules|/Users/muhammadadnanr/Projects/my-blog/node_modules/babel-loader/lib/index.js??ruleSet[1].rules[0].use[0]!/Users/muhammadadnanr/Projects/my-blog/node_modules/@storybook/source-loader/dist/cjs/index.js??ruleSet[1].rules[6]!/Users/muhammadadnanr/Projects/my-blog/src/components/forPages/postPage/InputComment/InputComment.stories.tsx': No serializer registered for DocGenDependency
<w> while serializing webpack/lib/cache/PackFileCacheStrategy.PackContentItems -> webpack/lib/NormalModule -> Array { 15 items } -> DocGenDependency
<w> [webpack.cache.PackFileCacheStrategy] Skipped not serializable cache item 'Compilation/modules|/Users/muhammadadnanr/Projects/my-blog/node_modules/babel-loader/lib/index.js??ruleSet[1].rules[0].use[0]!/Users/muhammadadnanr/Projects/my-blog/node_modules/@storybook/source-loader/dist/cjs/index.js??ruleSet[1].rules[6]!/Users/muhammadadnanr/Projects/my-blog/src/components/forPages/indexPage/LoginSwitch/LoginSwitch.stories.tsx': No serializer registered for DocGenDependency
<w> while serializing webpack/lib/cache/PackFileCacheStrategy.PackContentItems -> webpack/lib/NormalModule -> Array { 13 items } -> DocGenDependency
<w> [webpack.cache.PackFileCacheStrategy] Skipped not serializable cache item 'Compilation/modules|/Users/muhammadadnanr/Projects/my-blog/node_modules/babel-loader/lib/index.js??ruleSet[1].rules[0].use[0]!/Users/muhammadadnanr/Projects/my-blog/src/config/theme/theme.tsx': No serializer registered for DocGenDependency
<w> while serializing webpack/lib/cache/PackFileCacheStrategy.PackContentItems -> webpack/lib/NormalModule -> Array { 6 items } -> DocGenDependency
<w> [webpack.cache.PackFileCacheStrategy] Skipped not serializable cache item 'Compilation/modules|/Users/muhammadadnanr/Projects/my-blog/node_modules/babel-loader/lib/index.js??ruleSet[1].rules[0].use[0]!/Users/muhammadadnanr/Projects/my-blog/src/components/Sidebar/Sidebar.tsx': No serializer registered for DocGenDependency
<w> while serializing webpack/lib/cache/PackFileCacheStrategy.PackContentItems -> webpack/lib/NormalModule -> Array { 45 items } -> DocGenDependency
<w> [webpack.cache.PackFileCacheStrategy] Skipped not serializable cache item 'Compilation/modules|/Users/muhammadadnanr/Projects/my-blog/node_modules/babel-loader/lib/index.js??ruleSet[1].rules[0].use[0]!/Users/muhammadadnanr/Projects/my-blog/src/components/ColorModeToggle/ColorModeToggle.tsx': No serializer registered for DocGenDependency
<w> while serializing webpack/lib/cache/PackFileCacheStrategy.PackContentItems -> webpack/lib/NormalModule -> Array { 30 items } -> DocGenDependency
<w> [webpack.cache.PackFileCacheStrategy] Skipped not serializable cache item 'Compilation/modules|/Users/muhammadadnanr/Projects/my-blog/node_modules/babel-loader/lib/index.js??ruleSet[1].rules[0].use[0]!/Users/muhammadadnanr/Projects/my-blog/src/components/forPages/indexPage/LoginSwitch/LoginSwitch.tsx': No serializer registered for DocGenDependency
<w> while serializing webpack/lib/cache/PackFileCacheStrategy.PackContentItems -> webpack/lib/NormalModule -> Array { 32 items } -> DocGenDependency
<w> [webpack.cache.PackFileCacheStrategy] Skipped not serializable cache item 'Compilation/modules|/Users/muhammadadnanr/Projects/my-blog/node_modules/babel-loader/lib/index.js??ruleSet[1].rules[0].use[0]!/Users/muhammadadnanr/Projects/my-blog/src/components/uiKit/Modal/Modal.tsx': No serializer registered for DocGenDependency
<w> while serializing webpack/lib/cache/PackFileCacheStrategy.PackContentItems -> webpack/lib/NormalModule -> Array { 26 items } -> DocGenDependency
<w> [webpack.cache.PackFileCacheStrategy] Skipped not serializable cache item 'Compilation/modules|/Users/muhammadadnanr/Projects/my-blog/node_modules/babel-loader/lib/index.js??ruleSet[1].rules[0].use[0]!/Users/muhammadadnanr/Projects/my-blog/src/components/uiKit/Icons/Icons.tsx': No serializer registered for DocGenDependency
<w> while serializing webpack/lib/cache/PackFileCacheStrategy.PackContentItems -> webpack/lib/NormalModule -> Array { 57 items } -> DocGenDependency
<w> [webpack.cache.PackFileCacheStrategy] Skipped not serializable cache item 'Compilation/modules|/Users/muhammadadnanr/Projects/my-blog/node_modules/babel-loader/lib/index.js??ruleSet[1].rules[0].use[0]!/Users/muhammadadnanr/Projects/my-blog/src/components/BottomBar/BottomBar.tsx': No serializer registered for DocGenDependency
<w> while serializing webpack/lib/cache/PackFileCacheStrategy.PackContentItems -> webpack/lib/NormalModule -> Array { 44 items } -> DocGenDependency
<w> [webpack.cache.PackFileCacheStrategy] Skipped not serializable cache item 'Compilation/modules|/Users/muhammadadnanr/Projects/my-blog/node_modules/babel-loader/lib/index.js??ruleSet[1].rules[0].use[0]!/Users/muhammadadnanr/Projects/my-blog/src/components/forPages/usersPage/InputSearch/InputSearch.tsx': No serializer registered for DocGenDependency
<w> while serializing webpack/lib/cache/PackFileCacheStrategy.PackContentItems -> webpack/lib/NormalModule -> Array { 39 items } -> DocGenDependency
<w> [webpack.cache.PackFileCacheStrategy] Skipped not serializable cache item 'Compilation/modules|/Users/muhammadadnanr/Projects/my-blog/node_modules/babel-loader/lib/index.js??ruleSet[1].rules[0].use[0]!/Users/muhammadadnanr/Projects/my-blog/src/components/LoginForm/LoginForm.tsx': No serializer registered for DocGenDependency
<w> while serializing webpack/lib/cache/PackFileCacheStrategy.PackContentItems -> webpack/lib/NormalModule -> Array { 34 items } -> DocGenDependency
<w> [webpack.cache.PackFileCacheStrategy] Skipped not serializable cache item 'Compilation/modules|/Users/muhammadadnanr/Projects/my-blog/node_modules/babel-loader/lib/index.js??ruleSet[1].rules[0].use[0]!/Users/muhammadadnanr/Projects/my-blog/src/components/forPages/usersPage/UserForm/UserForm.tsx': No serializer registered for DocGenDependency
<w> while serializing webpack/lib/cache/PackFileCacheStrategy.PackContentItems -> webpack/lib/NormalModule -> Array { 64 items } -> DocGenDependency
<w> [webpack.cache.PackFileCacheStrategy] Skipped not serializable cache item 'Compilation/modules|/Users/muhammadadnanr/Projects/my-blog/node_modules/babel-loader/lib/index.js??ruleSet[1].rules[0].use[0]!/Users/muhammadadnanr/Projects/my-blog/src/components/forPages/usersPage/TableLoadingItem/TableLoadingItem.tsx': No serializer registered for DocGenDependency
<w> while serializing webpack/lib/cache/PackFileCacheStrategy.PackContentItems -> webpack/lib/NormalModule -> Array { 13 items } -> DocGenDependency
<w> [webpack.cache.PackFileCacheStrategy] Skipped not serializable cache item 'Compilation/modules|/Users/muhammadadnanr/Projects/my-blog/node_modules/babel-loader/lib/index.js??ruleSet[1].rules[0].use[0]!/Users/muhammadadnanr/Projects/my-blog/src/components/forPages/postsPage/PostCard/PostCard.tsx': No serializer registered for DocGenDependency
<w> while serializing webpack/lib/cache/PackFileCacheStrategy.PackContentItems -> webpack/lib/NormalModule -> Array { 52 items } -> DocGenDependency
<w> [webpack.cache.PackFileCacheStrategy] Skipped not serializable cache item 'Compilation/modules|/Users/muhammadadnanr/Projects/my-blog/node_modules/babel-loader/lib/index.js??ruleSet[1].rules[0].use[0]!/Users/muhammadadnanr/Projects/my-blog/src/components/forPages/postPage/PostComment/PostComment.tsx': No serializer registered for DocGenDependency
<w> while serializing webpack/lib/cache/PackFileCacheStrategy.PackContentItems -> webpack/lib/NormalModule -> Array { 27 items } -> DocGenDependency
<w> [webpack.cache.PackFileCacheStrategy] Skipped not serializable cache item 'Compilation/modules|/Users/muhammadadnanr/Projects/my-blog/node_modules/babel-loader/lib/index.js??ruleSet[1].rules[0].use[0]!/Users/muhammadadnanr/Projects/my-blog/src/components/forPages/postsPage/PostForm/PostForm.tsx': No serializer registered for DocGenDependency
<w> while serializing webpack/lib/cache/PackFileCacheStrategy.PackContentItems -> webpack/lib/NormalModule -> Array { 36 items } -> DocGenDependency
<w> [webpack.cache.PackFileCacheStrategy] Skipped not serializable cache item 'Compilation/modules|/Users/muhammadadnanr/Projects/my-blog/node_modules/babel-loader/lib/index.js??ruleSet[1].rules[0].use[0]!/Users/muhammadadnanr/Projects/my-blog/src/components/forPages/postPage/InputComment/InputComment.tsx': No serializer registered for DocGenDependency
<w> while serializing webpack/lib/cache/PackFileCacheStrategy.PackContentItems -> webpack/lib/NormalModule -> Array { 29 items } -> DocGenDependency
<w> [webpack.cache.PackFileCacheStrategy] Skipped not serializable cache item 'Compilation/modules|/Users/muhammadadnanr/Projects/my-blog/node_modules/babel-loader/lib/index.js??ruleSet[1].rules[0].use[0]!/Users/muhammadadnanr/Projects/my-blog/src/components/uiKit/Icons/HomeIcon.tsx': No serializer registered for DocGenDependency
<w> while serializing webpack/lib/cache/PackFileCacheStrategy.PackContentItems -> webpack/lib/NormalModule -> Array { 11 items } -> DocGenDependency
<w> [webpack.cache.PackFileCacheStrategy] Skipped not serializable cache item 'Compilation/modules|/Users/muhammadadnanr/Projects/my-blog/node_modules/babel-loader/lib/index.js??ruleSet[1].rules[0].use[0]!/Users/muhammadadnanr/Projects/my-blog/src/components/uiKit/Icons/EditIcon.tsx': No serializer registered for DocGenDependency
<w> while serializing webpack/lib/cache/PackFileCacheStrategy.PackContentItems -> webpack/lib/NormalModule -> Array { 11 items } -> DocGenDependency
<w> [webpack.cache.PackFileCacheStrategy] Skipped not serializable cache item 'Compilation/modules|/Users/muhammadadnanr/Projects/my-blog/node_modules/babel-loader/lib/index.js??ruleSet[1].rules[0].use[0]!/Users/muhammadadnanr/Projects/my-blog/src/components/uiKit/Icons/PowerIcon.tsx': No serializer registered for DocGenDependency
<w> while serializing webpack/lib/cache/PackFileCacheStrategy.PackContentItems -> webpack/lib/NormalModule -> Array { 11 items } -> DocGenDependency
<w> [webpack.cache.PackFileCacheStrategy] Skipped not serializable cache item 'Compilation/modules|/Users/muhammadadnanr/Projects/my-blog/node_modules/babel-loader/lib/index.js??ruleSet[1].rules[0].use[0]!/Users/muhammadadnanr/Projects/my-blog/src/components/uiKit/Icons/ChevronIcon.tsx': No serializer registered for DocGenDependency
<w> while serializing webpack/lib/cache/PackFileCacheStrategy.PackContentItems -> webpack/lib/NormalModule -> Array { 11 items } -> DocGenDependency
<w> [webpack.cache.PackFileCacheStrategy] Skipped not serializable cache item 'Compilation/modules|/Users/muhammadadnanr/Projects/my-blog/node_modules/babel-loader/lib/index.js??ruleSet[1].rules[0].use[0]!/Users/muhammadadnanr/Projects/my-blog/src/components/uiKit/Icons/SettingsIcon.tsx': No serializer registered for DocGenDependency
<w> while serializing webpack/lib/cache/PackFileCacheStrategy.PackContentItems -> webpack/lib/NormalModule -> Array { 11 items } -> DocGenDependency
<w> [webpack.cache.PackFileCacheStrategy] Skipped not serializable cache item 'Compilation/modules|/Users/muhammadadnanr/Projects/my-blog/node_modules/babel-loader/lib/index.js??ruleSet[1].rules[0].use[0]!/Users/muhammadadnanr/Projects/my-blog/src/components/uiKit/Icons/TrashIcon.tsx': No serializer registered for DocGenDependency
<w> while serializing webpack/lib/cache/PackFileCacheStrategy.PackContentItems -> webpack/lib/NormalModule -> Array { 11 items } -> DocGenDependency
<w> [webpack.cache.PackFileCacheStrategy] Skipped not serializable cache item 'Compilation/modules|/Users/muhammadadnanr/Projects/my-blog/node_modules/babel-loader/lib/index.js??ruleSet[1].rules[0].use[0]!/Users/muhammadadnanr/Projects/my-blog/src/components/uiKit/Icons/MoonIcon.tsx': No serializer registered for DocGenDependency
<w> while serializing webpack/lib/cache/PackFileCacheStrategy.PackContentItems -> webpack/lib/NormalModule -> Array { 11 items } -> DocGenDependency
<w> [webpack.cache.PackFileCacheStrategy] Skipped not serializable cache item 'Compilation/modules|/Users/muhammadadnanr/Projects/my-blog/node_modules/babel-loader/lib/index.js??ruleSet[1].rules[0].use[0]!/Users/muhammadadnanr/Projects/my-blog/src/components/uiKit/Icons/SunIcon.tsx': No serializer registered for DocGenDependency
<w> while serializing webpack/lib/cache/PackFileCacheStrategy.PackContentItems -> webpack/lib/NormalModule -> Array { 11 items } -> DocGenDependency
<w> [webpack.cache.PackFileCacheStrategy] Skipped not serializable cache item 'Compilation/modules|/Users/muhammadadnanr/Projects/my-blog/node_modules/babel-loader/lib/index.js??ruleSet[1].rules[0].use[0]!/Users/muhammadadnanr/Projects/my-blog/src/components/uiKit/Icons/SearchIcon.tsx': No serializer registered for DocGenDependency
<w> while serializing webpack/lib/cache/PackFileCacheStrategy.PackContentItems -> webpack/lib/NormalModule -> Array { 11 items } -> DocGenDependency
<w> [webpack.cache.PackFileCacheStrategy] Skipped not serializable cache item 'Compilation/modules|/Users/muhammadadnanr/Projects/my-blog/node_modules/babel-loader/lib/index.js??ruleSet[1].rules[0].use[0]!/Users/muhammadadnanr/Projects/my-blog/src/components/uiKit/Icons/UserGroupIcon.tsx': No serializer registered for DocGenDependency
<w> while serializing webpack/lib/cache/PackFileCacheStrategy.PackContentItems -> webpack/lib/NormalModule -> Array { 11 items } -> DocGenDependency
<w> [webpack.cache.PackFileCacheStrategy] Skipped not serializable cache item 'Compilation/modules|/Users/muhammadadnanr/Projects/my-blog/node_modules/babel-loader/lib/index.js??ruleSet[1].rules[0].use[0]!/Users/muhammadadnanr/Projects/my-blog/src/components/uiKit/Icons/SendIcon.tsx': No serializer registered for DocGenDependency
<w> while serializing webpack/lib/cache/PackFileCacheStrategy.PackContentItems -> webpack/lib/NormalModule -> Array { 11 items } -> DocGenDependency
<w> [webpack.cache.PackFileCacheStrategy] Skipped not serializable cache item 'Compilation/modules|/Users/muhammadadnanr/Projects/my-blog/node_modules/babel-loader/lib/index.js??ruleSet[1].rules[0].use[0]!/Users/muhammadadnanr/Projects/my-blog/src/components/uiKit/VStack/VStack.tsx': No serializer registered for DocGenDependency
<w> while serializing webpack/lib/cache/PackFileCacheStrategy.PackContentItems -> webpack/lib/NormalModule -> Array { 10 items } -> DocGenDependency
<w> [webpack.cache.PackFileCacheStrategy] Skipped not serializable cache item 'Compilation/modules|/Users/muhammadadnanr/Projects/my-blog/node_modules/babel-loader/lib/index.js??ruleSet[1].rules[0].use[0]!/Users/muhammadadnanr/Projects/my-blog/src/components/uiKit/Link/Link.tsx': No serializer registered for DocGenDependency
<w> while serializing webpack/lib/cache/PackFileCacheStrategy.PackContentItems -> webpack/lib/NormalModule -> Array { 12 items } -> DocGenDependency
<s> [webpack.Progress] 99% cache shutdown IdleFileCachePlugin stored
<s> [webpack.Progress] 99% cache shutdown
<s> [webpack.Progress] 100% 

info => Output directory: /var/folders/9c/76nzb5_152n91y8_yqnx27n00000gp/T/chromatic--76283-LrBR28ZP4M0e
